<?xml version="1.0" encoding="utf-8"?>
<shfbBuild product="Sandcastle Help File Builder and Tools" version="2020.3.6.0" projectFile="D:\Develop\My Open Source\GitHub\DataGridExtensions\Source\src\Documentation\Documentation.shfbproj" started="14.09.2020 19:48:18">
<buildStep step="Initializing">
Finding tools...
The Sandcastle tools are located in &#39;C:\Program Files (x86)\EWSoftware\Sandcastle Help File Builder\&#39;
Locating components in the following folder(s):
    D:\Develop\My Open Source\GitHub\DataGridExtensions\Source\src\Documentation
    C:\ProgramData\EWSoftware\Sandcastle Help File Builder\Components and Plug-Ins\
    C:\Program Files (x86)\EWSoftware\Sandcastle Help File Builder\
Using framework reflection data for &#39;.NET Framework 4.7.2&#39; located in &#39;C:\Program Files (x86)\EWSoftware\Sandcastle Help File Builder\Data\.NETFramework&#39;
Using presentation style &#39;VS2013&#39; located in &#39;C:\Program Files (x86)\EWSoftware\Sandcastle Help File Builder\PresentationStyles\VS2013&#39;
Loading and initializing plug-ins...
Lightweight Website Style Version 2020.3.6.0
Copyright &#169; 2006-2020, Eric Woodruff, All Rights Reserved
Portions Copyright &#169; 2014, Sam Harwell, All Rights Reserved
-------------------------------
Clearing any prior web/markdown output...
</buildStep>
<buildStep step="ValidatingDocumentationSources">
Validating and copying documentation source information
Source: D:\Develop\My Open Source\GitHub\DataGridExtensions\Source\src\DataGridExtensions\DataGridExtensions.csproj
    Found project &#39;D:\Develop\My Open Source\GitHub\DataGridExtensions\Source\src\DataGridExtensions\DataGridExtensions.csproj&#39;

Parsing project files
    Found assembly &#39;D:\Develop\My Open Source\GitHub\DataGridExtensions\Source\src\DataGridExtensions\bin\Debug\net45\DataGridExtensions.dll&#39;

References to include:
    D:\Develop\My Open Source\GitHub\DataGridExtensions\Source\src\DataGridExtensions\bin\Debug\net45\DataGridExtensions.dll
    Microsoft.Xaml.Behaviors
    Throttle

Copying XML comments files
    D:\Develop\My Open Source\GitHub\DataGridExtensions\Source\src\DataGridExtensions\bin\Debug\net45\DataGridExtensions.xml -&gt; D:\Develop\My Open Source\GitHub\DataGridExtensions\Source\doc\Working\DataGridExtensions.xml
</buildStep>
<buildStep step="GenerateSharedContent">
Generating shared content files (en-US, English (United States))...
<plugIn name="Lightweight Website Style" behavior="After" priority="1000">
</plugIn>    Last step completed in 00:00:00,0040
</buildStep>
<buildStep step="GenerateApiFilter">
Generating API filter for MRefBuilder...
    Last step completed in 00:00:00,0130
</buildStep>
<buildStep step="GenerateReflectionInfo">
Generating reflection information...
[C:\Program Files (x86)\Microsoft Visual Studio\2019\Professional\MSBuild\Current\Bin\MSBuild.exe - GenerateRefInfo.proj]
Build started 14.09.2020 19:48:20.
Project &quot;D:\Develop\My Open Source\GitHub\DataGridExtensions\Source\doc\Working\GenerateRefInfo.proj&quot; on node 1 (default targets).
PrepareForBuild:
  Creating directory &quot;obj\Debug\&quot;.
GenerateBindingRedirects:
  No suggested binding redirects from ResolveAssemblyReferences.
GenerateRefInfo:
  MRefBuilder (v2020.3.6.0)
  Copyright &#184; 2006-2020, Microsoft Corporation, All Rights Reserved.
  Portions Copyright &#184; 2006-2020, Eric Woodruff, All Rights Reserved.
  No source code context base path specified.  Source context information is unavailable.
  Loaded 1 assemblies for reflection and 107 dependency assemblies.
  Wrote information on 2 namespaces, 23 types, and 131 members
  Copying file from &quot;D:\Develop\My Open Source\GitHub\DataGridExtensions\Source\doc\Working\reflection.org&quot; to &quot;D:\Develop\My Open Source\GitHub\DataGridExtensions\Source\doc\Working\reflection.all&quot;.
  XslTransform (v2020.3.6.0)
  Copyright &#184; 2006-2020, Microsoft Corporation, All Rights Reserved.
  Portions Copyright &#184; 2006-2020, Eric Woodruff, All Rights Reserved.
  Applying XSL transformation &#39;C:\Program Files (x86)\EWSoftware\Sandcastle Help File Builder\ProductionTransforms\MergeDuplicates.xsl&#39;.
Done Building Project &quot;D:\Develop\My Open Source\GitHub\DataGridExtensions\Source\doc\Working\GenerateRefInfo.proj&quot; (default targets).
    Last step completed in 00:00:00,9229
</buildStep>
<buildStep step="TransformReflectionInfo">
Transforming reflection output...
[C:\Program Files (x86)\Microsoft Visual Studio\2019\Professional\MSBuild\Current\Bin\MSBuild.exe - TransformManifest.proj]
Build started 14.09.2020 19:48:21.
Project &quot;D:\Develop\My Open Source\GitHub\DataGridExtensions\Source\doc\Working\TransformManifest.proj&quot; on node 1 (default targets).
TransformManifest:
  XslTransform (v2020.3.6.0)
  Copyright &#184; 2006-2020, Microsoft Corporation, All Rights Reserved.
  Portions Copyright &#184; 2006-2020, Eric Woodruff, All Rights Reserved.
  Applying XSL transformation &#39;C:\Program Files (x86)\EWSoftware\Sandcastle Help File Builder\\ProductionTransforms\ApplyVSDocModel.xsl&#39;.
  Copying file from &quot;D:\Develop\My Open Source\GitHub\DataGridExtensions\Source\doc\Working\reflection.xml&quot; to &quot;D:\Develop\My Open Source\GitHub\DataGridExtensions\Source\doc\Working\reflection.nofilenames&quot;.
  XslTransform (v2020.3.6.0)
  Copyright &#184; 2006-2020, Microsoft Corporation, All Rights Reserved.
  Portions Copyright &#184; 2006-2020, Eric Woodruff, All Rights Reserved.
  Applying XSL transformation &#39;C:\Program Files (x86)\EWSoftware\Sandcastle Help File Builder\ProductionTransforms\AddFilenames.xsl&#39;.
  XslTransform (v2020.3.6.0)
  Copyright &#184; 2006-2020, Microsoft Corporation, All Rights Reserved.
  Portions Copyright &#184; 2006-2020, Eric Woodruff, All Rights Reserved.
  Applying XSL transformation &#39;C:\Program Files (x86)\EWSoftware\Sandcastle Help File Builder\ProductionTransforms\ReflectionToManifest.xsl&#39;.
Done Building Project &quot;D:\Develop\My Open Source\GitHub\DataGridExtensions\Source\doc\Working\TransformManifest.proj&quot; (default targets).
    Last step completed in 00:00:00,5085
</buildStep>
<buildStep step="GenerateNamespaceSummaries">
Generating namespace summary information...
    Last step completed in 00:00:00,0080
</buildStep>
<buildStep step="GenerateInheritedDocumentation">
Generating inherited documentation...
[C:\Program Files (x86)\Microsoft Visual Studio\2019\Professional\MSBuild\Current\Bin\MSBuild.exe - GenerateInheritedDocs.proj]
Sandcastle Help File Builder and Tools, version 2020.3.6.0
Copyright &#184; 2006-2020, Eric Woodruff, All Rights Reserved
E-Mail: Eric@EWoodruff.us

Reflection information will be retrieved from &#39;reflection.xml&#39;
Inherited documentation will be written to &#39;_InheritedDocs_.xml&#39;
Indexing C:\Program Files (x86)\Reference Assemblies\Microsoft\Framework\.NETFramework\v4.7.2\*.xml
Indexing D:\Develop\My Open Source\GitHub\DataGridExtensions\Source\doc\Working\Throttle.xml
Indexing D:\Develop\My Open Source\GitHub\DataGridExtensions\Source\doc\Working\Microsoft.Xaml.Behaviors.xml
Indexing D:\Develop\My Open Source\GitHub\DataGridExtensions\Source\doc\Working\DataGridExtensions.xml
Indexed 159158 members in 130 file(s).  3 file(s) to scan for &lt;inheritdoc /&gt; tags.
Merging inherited documentation...


Documentation merged successfully
    Last step completed in 00:00:01,3263
</buildStep>
<buildStep step="CopyConceptualContent">
Copying conceptual content...
Copying standard token shared content file...
Checking for other token files...
Checking for code snippets files...
Copying images and creating the media map file...
Generating conceptual topic files
    Parsing topic file &#39;D:\Develop\My Open Source\GitHub\DataGridExtensions\Source\src\Documentation\Content\Welcome.aml&#39;
    D:\Develop\My Open Source\GitHub\DataGridExtensions\Source\src\Documentation\Content\Welcome.aml -&gt; D:\Develop\My Open Source\GitHub\DataGridExtensions\Source\doc\Working\ddueXml\bdcf301b-c036-4f10-a269-a9f15fce4679.xml
    Last step completed in 00:00:00,0130
</buildStep>
<buildStep step="CreateConceptualTopicConfigs">
Creating conceptual topic configuration files...
    Companion files
    _ContentMetadata_.xml
    Merging topic IDs into manifest.xml
    Last step completed in 00:00:00,0030
</buildStep>
<buildStep step="CopyAdditionalContent">
Copying additional content files...
D:\Develop\My Open Source\GitHub\DataGridExtensions\Source\src\Documentation\icons\Help.png -&gt; D:\Develop\My Open Source\GitHub\DataGridExtensions\Source\doc\Working\Output\Website\icons\Help.png
    Last step completed in 00:00:00,0040
</buildStep>
<buildStep step="MergeTablesOfContents">
Merging conceptual and additional tables of contents...
    Last step completed in 00:00:00,0000
</buildStep>
<buildStep step="GenerateIntermediateTableOfContents">
Generating intermediate table of contents file...
[C:\Program Files (x86)\Microsoft Visual Studio\2019\Professional\MSBuild\Current\Bin\MSBuild.exe - GenerateIntermediateTOC.proj]
Build started 14.09.2020 19:48:23.
Project &quot;D:\Develop\My Open Source\GitHub\DataGridExtensions\Source\doc\Working\GenerateIntermediateTOC.proj&quot; on node 1 (default targets).
GenerateIntermediateTOC:
  XslTransform (v2020.3.6.0)
  Copyright &#184; 2006-2020, Microsoft Corporation, All Rights Reserved.
  Portions Copyright &#184; 2006-2020, Eric Woodruff, All Rights Reserved.
  Applying XSL transformation &#39;C:\Program Files (x86)\EWSoftware\Sandcastle Help File Builder\\ProductionTransforms\CreateVSToc.xsl&#39;.
Done Building Project &quot;D:\Develop\My Open Source\GitHub\DataGridExtensions\Source\doc\Working\GenerateIntermediateTOC.proj&quot; (default targets).
Generating conceptual content intermediate TOC file...
    Last step completed in 00:00:00,2473
</buildStep>
<buildStep step="CreateBuildAssemblerConfigs">
Creating Sandcastle configuration files...
    sandcastle.config
    Last step completed in 00:00:00,1351
</buildStep>
<buildStep step="MergeCustomConfigs">
Merging custom build component configurations
D:\Develop\My Open Source\GitHub\DataGridExtensions\Source\doc\Working\sandcastle.config
  Updating reference topic configurations.
    Added configuration for &#39;API Token Resolution&#39; before &#39;Show Missing Documentation Component&#39; (instance 1)
    Replaced configuration for &#39;Copy From Index Component&#39; (instance 3) with configuration for &#39;Comments Index Data (ESENT Cache)&#39;
    Replaced configuration for &#39;Copy From Index Component&#39; (instance 1) with configuration for &#39;Reflection Index Data (ESENT Cache)&#39;
    Replaced configuration for &#39;Resolve Reference Links Component&#39; (instance 1) with configuration for &#39;Resolve Reference Links (ESENT Cache)&#39;
    Replaced configuration for &#39;Resolve Reference Links Component&#39; (instance 1) with configuration for &#39;Resolve Reference Links (ESENT Cache)&#39;
    Replaced configuration for &#39;Resolve Reference Links Component&#39; (instance 1) with configuration for &#39;Resolve Reference Links (ESENT Cache)&#39;
  Updating conceptual topic configurations.
    Skipping component &#39;API Token Resolution&#39;, not used in conceptual build
    Skipping component &#39;Comments Index Data (ESENT Cache)&#39;, not used in conceptual build
    Skipping component &#39;Reflection Index Data (ESENT Cache)&#39;, not used in conceptual build
    Replaced configuration for &#39;Resolve Reference Links Component&#39; (instance 1) with configuration for &#39;Resolve Reference Links (ESENT Cache)&#39;
    Replaced configuration for &#39;Resolve Reference Links Component&#39; (instance 1) with configuration for &#39;Resolve Reference Links (ESENT Cache)&#39;
    Replaced configuration for &#39;Resolve Reference Links Component&#39; (instance 1) with configuration for &#39;Resolve Reference Links (ESENT Cache)&#39;
    Removing unused ExampleComponent.
    Last step completed in 00:00:00,0210
</buildStep>
<buildStep step="BuildTopics">
Building help topics...
[C:\Program Files (x86)\Microsoft Visual Studio\2019\Professional\MSBuild\Current\Bin\MSBuild.exe - BuildTopics.proj]
Build started 14.09.2020 19:48:23.
Project &quot;D:\Develop\My Open Source\GitHub\DataGridExtensions\Source\doc\Working\BuildTopics.proj&quot; on node 1 (default targets).
BuildTopics:
  BuildAssembler (v2020.3.6.0)
  Copyright &#184; 2006-2020, Microsoft Corporation, All Rights Reserved.
  Portions Copyright &#184; 2006-2020, Eric Woodruff, All Rights Reserved.
  Loading configuration...
  Processing topics...
BuildAssembler : warning : ESentResolveReferenceLinksComponent: [T:DataGridExtensions.Behaviors.ApplyInitialSortingBehavior] Member ID URL not found for target &#39;T:Microsoft.Xaml.Behaviors.Behavior&#39;. [D:\Develop\My Open Source\GitHub\DataGridExtensions\Source\doc\Working\BuildTopics.proj]
BuildAssembler : warning : ESentResolveReferenceLinksComponent: [T:DataGridExtensions.Behaviors.ApplyInitialSortingBehavior] Member ID URL not found for target &#39;T:Microsoft.Xaml.Behaviors.Behavior`1&#39;. [D:\Develop\My Open Source\GitHub\DataGridExtensions\Source\doc\Working\BuildTopics.proj]
BuildAssembler : warning : ESentResolveReferenceLinksComponent: [T:DataGridExtensions.Behaviors.BeginEditOnCtrlEnterBehavior] Member ID URL not found for target &#39;T:Microsoft.Xaml.Behaviors.Behavior&#39;. [D:\Develop\My Open Source\GitHub\DataGridExtensions\Source\doc\Working\BuildTopics.proj]
BuildAssembler : warning : ESentResolveReferenceLinksComponent: [T:DataGridExtensions.Behaviors.BeginEditOnCtrlEnterBehavior] Member ID URL not found for target &#39;T:Microsoft.Xaml.Behaviors.Behavior`1&#39;. [D:\Develop\My Open Source\GitHub\DataGridExtensions\Source\doc\Working\BuildTopics.proj]
BuildAssembler : warning : ESentResolveReferenceLinksComponent: [T:DataGridExtensions.Behaviors.ClearTextBoxOnButtonClickBehavior] Member ID URL not found for target &#39;T:Microsoft.Xaml.Behaviors.Behavior&#39;. [D:\Develop\My Open Source\GitHub\DataGridExtensions\Source\doc\Working\BuildTopics.proj]
BuildAssembler : warning : ESentResolveReferenceLinksComponent: [T:DataGridExtensions.Behaviors.ClearTextBoxOnButtonClickBehavior] Member ID URL not found for target &#39;T:Microsoft.Xaml.Behaviors.Behavior`1&#39;. [D:\Develop\My Open Source\GitHub\DataGridExtensions\Source\doc\Working\BuildTopics.proj]
BuildAssembler : warning : ESentResolveReferenceLinksComponent: [T:DataGridExtensions.Behaviors.DisableTargetWhileEditingBehavior] Member ID URL not found for target &#39;T:Microsoft.Xaml.Behaviors.Behavior&#39;. [D:\Develop\My Open Source\GitHub\DataGridExtensions\Source\doc\Working\BuildTopics.proj]
BuildAssembler : warning : ESentResolveReferenceLinksComponent: [T:DataGridExtensions.Behaviors.DisableTargetWhileEditingBehavior] Member ID URL not found for target &#39;T:Microsoft.Xaml.Behaviors.Behavior`1&#39;. [D:\Develop\My Open Source\GitHub\DataGridExtensions\Source\doc\Working\BuildTopics.proj]
BuildAssembler : warning : ESentResolveReferenceLinksComponent: [T:DataGridExtensions.Behaviors.ExtendedStarSizeBehavior] Member ID URL not found for target &#39;T:Microsoft.Xaml.Behaviors.Behavior&#39;. [D:\Develop\My Open Source\GitHub\DataGridExtensions\Source\doc\Working\BuildTopics.proj]
BuildAssembler : warning : ESentResolveReferenceLinksComponent: [T:DataGridExtensions.Behaviors.ExtendedStarSizeBehavior] Member ID URL not found for target &#39;T:Microsoft.Xaml.Behaviors.Behavior`1&#39;. [D:\Develop\My Open Source\GitHub\DataGridExtensions\Source\doc\Working\BuildTopics.proj]
  Processed 198 topic(s)
  10 warning(s)
  CopyFromIndexComponent: &quot;metadata&quot; in-memory cache entries used: 1 of 15.
  ResolveArtLinksComponent: Copying media files...
  ESentResolveReferenceLinksComponent: Member ID URL ESENT local cache flushed 0 time(s).  Current ESENT local cache usage: 41 of 2500.
  ESentResolveReferenceLinksComponent: &quot;FrameworkTargets&quot; ESENT local cache flushed 0 time(s).  Current ESENT local cache usage: 50 of 2500.
  ESentCopyFromIndexComponent: &quot;reflection&quot; highest ESENT local cache flush count: 0.  Highest ESENT current local cache usage: 27 of 2500.
  ESentCopyFromIndexComponent: &quot;reflection&quot; in-memory cache entries used: 1 of 15.
  ESentCopyFromIndexComponent: &quot;comments&quot; highest ESENT local cache flush count: 0.  Highest ESENT current local cache usage: 0 of 2500.
  ESentCopyFromIndexComponent: &quot;comments&quot; in-memory cache entries used: 2 of 30.
Done Building Project &quot;D:\Develop\My Open Source\GitHub\DataGridExtensions\Source\doc\Working\BuildTopics.proj&quot; (default targets).
    Last step completed in 00:00:03,8765
</buildStep>
<buildStep step="CombiningIntermediateTocFiles">
Combining conceptual and API intermediate TOC files...
    Last step completed in 00:00:00,0020
</buildStep>
<buildStep step="ExtractingHtmlInfo">
Extracting HTML info for HTML Help 1 and/or website...
[C:\Program Files (x86)\Microsoft Visual Studio\2019\Professional\MSBuild\Current\Bin\MSBuild.exe - ExtractHtmlInfo.proj]
Sandcastle Help File Builder and Tools, version 2020.3.6.0
Copyright &#184; 2006-2020, Eric Woodruff, All Rights Reserved
E-Mail: Eric@EWoodruff.us

Using LCID &#39;1033&#39;, code page &#39;65001&#39;, encoding charset &#39;UTF-8&#39;.

Processing website files in D:\Develop\My Open Source\GitHub\DataGridExtensions\Source\doc\Working\Output\Website
Processed 198 HTML files
Sorting keywords and generating See Also indices
Saving website keyword index to D:\Develop\My Open Source\GitHub\DataGridExtensions\Source\doc\Working\WebKI.xml
Saving website table of contents to D:\Develop\My Open Source\GitHub\DataGridExtensions\Source\doc\Working\WebTOC.xml
    Last step completed in 00:00:00,3093
</buildStep>
<buildStep step="CopyStandardHelpContent">
Copying standard help content...
C:\Program Files (x86)\EWSoftware\Sandcastle Help File Builder\PresentationStyles\VS2013\icons\AlertCaution.png -&gt; D:\Develop\My Open Source\GitHub\DataGridExtensions\Source\doc\Working\Output\Website\icons\AlertCaution.png
C:\Program Files (x86)\EWSoftware\Sandcastle Help File Builder\PresentationStyles\VS2013\icons\AlertNote.png -&gt; D:\Develop\My Open Source\GitHub\DataGridExtensions\Source\doc\Working\Output\Website\icons\AlertNote.png
C:\Program Files (x86)\EWSoftware\Sandcastle Help File Builder\PresentationStyles\VS2013\icons\AlertSecurity.png -&gt; D:\Develop\My Open Source\GitHub\DataGridExtensions\Source\doc\Working\Output\Website\icons\AlertSecurity.png
C:\Program Files (x86)\EWSoftware\Sandcastle Help File Builder\PresentationStyles\VS2013\icons\CFW.gif -&gt; D:\Develop\My Open Source\GitHub\DataGridExtensions\Source\doc\Working\Output\Website\icons\CFW.gif
C:\Program Files (x86)\EWSoftware\Sandcastle Help File Builder\PresentationStyles\VS2013\icons\CodeExample.png -&gt; D:\Develop\My Open Source\GitHub\DataGridExtensions\Source\doc\Working\Output\Website\icons\CodeExample.png
C:\Program Files (x86)\EWSoftware\Sandcastle Help File Builder\PresentationStyles\VS2013\icons\favicon.ico -&gt; D:\Develop\My Open Source\GitHub\DataGridExtensions\Source\doc\Working\Output\Website\icons\favicon.ico
C:\Program Files (x86)\EWSoftware\Sandcastle Help File Builder\PresentationStyles\VS2013\icons\privclass.gif -&gt; D:\Develop\My Open Source\GitHub\DataGridExtensions\Source\doc\Working\Output\Website\icons\privclass.gif
C:\Program Files (x86)\EWSoftware\Sandcastle Help File Builder\PresentationStyles\VS2013\icons\privdelegate.gif -&gt; D:\Develop\My Open Source\GitHub\DataGridExtensions\Source\doc\Working\Output\Website\icons\privdelegate.gif
C:\Program Files (x86)\EWSoftware\Sandcastle Help File Builder\PresentationStyles\VS2013\icons\privenumeration.gif -&gt; D:\Develop\My Open Source\GitHub\DataGridExtensions\Source\doc\Working\Output\Website\icons\privenumeration.gif
C:\Program Files (x86)\EWSoftware\Sandcastle Help File Builder\PresentationStyles\VS2013\icons\privevent.gif -&gt; D:\Develop\My Open Source\GitHub\DataGridExtensions\Source\doc\Working\Output\Website\icons\privevent.gif
C:\Program Files (x86)\EWSoftware\Sandcastle Help File Builder\PresentationStyles\VS2013\icons\privextension.gif -&gt; D:\Develop\My Open Source\GitHub\DataGridExtensions\Source\doc\Working\Output\Website\icons\privextension.gif
C:\Program Files (x86)\EWSoftware\Sandcastle Help File Builder\PresentationStyles\VS2013\icons\privfield.gif -&gt; D:\Develop\My Open Source\GitHub\DataGridExtensions\Source\doc\Working\Output\Website\icons\privfield.gif
C:\Program Files (x86)\EWSoftware\Sandcastle Help File Builder\PresentationStyles\VS2013\icons\privinterface.gif -&gt; D:\Develop\My Open Source\GitHub\DataGridExtensions\Source\doc\Working\Output\Website\icons\privinterface.gif
C:\Program Files (x86)\EWSoftware\Sandcastle Help File Builder\PresentationStyles\VS2013\icons\privmethod.gif -&gt; D:\Develop\My Open Source\GitHub\DataGridExtensions\Source\doc\Working\Output\Website\icons\privmethod.gif
C:\Program Files (x86)\EWSoftware\Sandcastle Help File Builder\PresentationStyles\VS2013\icons\privproperty.gif -&gt; D:\Develop\My Open Source\GitHub\DataGridExtensions\Source\doc\Working\Output\Website\icons\privproperty.gif
C:\Program Files (x86)\EWSoftware\Sandcastle Help File Builder\PresentationStyles\VS2013\icons\privstructure.gif -&gt; D:\Develop\My Open Source\GitHub\DataGridExtensions\Source\doc\Working\Output\Website\icons\privstructure.gif
C:\Program Files (x86)\EWSoftware\Sandcastle Help File Builder\PresentationStyles\VS2013\icons\protclass.gif -&gt; D:\Develop\My Open Source\GitHub\DataGridExtensions\Source\doc\Working\Output\Website\icons\protclass.gif
C:\Program Files (x86)\EWSoftware\Sandcastle Help File Builder\PresentationStyles\VS2013\icons\protdelegate.gif -&gt; D:\Develop\My Open Source\GitHub\DataGridExtensions\Source\doc\Working\Output\Website\icons\protdelegate.gif
C:\Program Files (x86)\EWSoftware\Sandcastle Help File Builder\PresentationStyles\VS2013\icons\protenumeration.gif -&gt; D:\Develop\My Open Source\GitHub\DataGridExtensions\Source\doc\Working\Output\Website\icons\protenumeration.gif
C:\Program Files (x86)\EWSoftware\Sandcastle Help File Builder\PresentationStyles\VS2013\icons\protevent.gif -&gt; D:\Develop\My Open Source\GitHub\DataGridExtensions\Source\doc\Working\Output\Website\icons\protevent.gif
C:\Program Files (x86)\EWSoftware\Sandcastle Help File Builder\PresentationStyles\VS2013\icons\protextension.gif -&gt; D:\Develop\My Open Source\GitHub\DataGridExtensions\Source\doc\Working\Output\Website\icons\protextension.gif
C:\Program Files (x86)\EWSoftware\Sandcastle Help File Builder\PresentationStyles\VS2013\icons\protfield.gif -&gt; D:\Develop\My Open Source\GitHub\DataGridExtensions\Source\doc\Working\Output\Website\icons\protfield.gif
C:\Program Files (x86)\EWSoftware\Sandcastle Help File Builder\PresentationStyles\VS2013\icons\protinterface.gif -&gt; D:\Develop\My Open Source\GitHub\DataGridExtensions\Source\doc\Working\Output\Website\icons\protinterface.gif
C:\Program Files (x86)\EWSoftware\Sandcastle Help File Builder\PresentationStyles\VS2013\icons\protmethod.gif -&gt; D:\Develop\My Open Source\GitHub\DataGridExtensions\Source\doc\Working\Output\Website\icons\protmethod.gif
C:\Program Files (x86)\EWSoftware\Sandcastle Help File Builder\PresentationStyles\VS2013\icons\protoperator.gif -&gt; D:\Develop\My Open Source\GitHub\DataGridExtensions\Source\doc\Working\Output\Website\icons\protoperator.gif
C:\Program Files (x86)\EWSoftware\Sandcastle Help File Builder\PresentationStyles\VS2013\icons\protproperty.gif -&gt; D:\Develop\My Open Source\GitHub\DataGridExtensions\Source\doc\Working\Output\Website\icons\protproperty.gif
C:\Program Files (x86)\EWSoftware\Sandcastle Help File Builder\PresentationStyles\VS2013\icons\protstructure.gif -&gt; D:\Develop\My Open Source\GitHub\DataGridExtensions\Source\doc\Working\Output\Website\icons\protstructure.gif
C:\Program Files (x86)\EWSoftware\Sandcastle Help File Builder\PresentationStyles\VS2013\icons\pubclass.gif -&gt; D:\Develop\My Open Source\GitHub\DataGridExtensions\Source\doc\Working\Output\Website\icons\pubclass.gif
C:\Program Files (x86)\EWSoftware\Sandcastle Help File Builder\PresentationStyles\VS2013\icons\pubdelegate.gif -&gt; D:\Develop\My Open Source\GitHub\DataGridExtensions\Source\doc\Working\Output\Website\icons\pubdelegate.gif
C:\Program Files (x86)\EWSoftware\Sandcastle Help File Builder\PresentationStyles\VS2013\icons\pubenumeration.gif -&gt; D:\Develop\My Open Source\GitHub\DataGridExtensions\Source\doc\Working\Output\Website\icons\pubenumeration.gif
C:\Program Files (x86)\EWSoftware\Sandcastle Help File Builder\PresentationStyles\VS2013\icons\pubevent.gif -&gt; D:\Develop\My Open Source\GitHub\DataGridExtensions\Source\doc\Working\Output\Website\icons\pubevent.gif
C:\Program Files (x86)\EWSoftware\Sandcastle Help File Builder\PresentationStyles\VS2013\icons\pubextension.gif -&gt; D:\Develop\My Open Source\GitHub\DataGridExtensions\Source\doc\Working\Output\Website\icons\pubextension.gif
C:\Program Files (x86)\EWSoftware\Sandcastle Help File Builder\PresentationStyles\VS2013\icons\pubfield.gif -&gt; D:\Develop\My Open Source\GitHub\DataGridExtensions\Source\doc\Working\Output\Website\icons\pubfield.gif
C:\Program Files (x86)\EWSoftware\Sandcastle Help File Builder\PresentationStyles\VS2013\icons\pubinterface.gif -&gt; D:\Develop\My Open Source\GitHub\DataGridExtensions\Source\doc\Working\Output\Website\icons\pubinterface.gif
C:\Program Files (x86)\EWSoftware\Sandcastle Help File Builder\PresentationStyles\VS2013\icons\pubmethod.gif -&gt; D:\Develop\My Open Source\GitHub\DataGridExtensions\Source\doc\Working\Output\Website\icons\pubmethod.gif
C:\Program Files (x86)\EWSoftware\Sandcastle Help File Builder\PresentationStyles\VS2013\icons\puboperator.gif -&gt; D:\Develop\My Open Source\GitHub\DataGridExtensions\Source\doc\Working\Output\Website\icons\puboperator.gif
C:\Program Files (x86)\EWSoftware\Sandcastle Help File Builder\PresentationStyles\VS2013\icons\pubproperty.gif -&gt; D:\Develop\My Open Source\GitHub\DataGridExtensions\Source\doc\Working\Output\Website\icons\pubproperty.gif
C:\Program Files (x86)\EWSoftware\Sandcastle Help File Builder\PresentationStyles\VS2013\icons\pubstructure.gif -&gt; D:\Develop\My Open Source\GitHub\DataGridExtensions\Source\doc\Working\Output\Website\icons\pubstructure.gif
C:\Program Files (x86)\EWSoftware\Sandcastle Help File Builder\PresentationStyles\VS2013\icons\SectionCollapsed.png -&gt; D:\Develop\My Open Source\GitHub\DataGridExtensions\Source\doc\Working\Output\Website\icons\SectionCollapsed.png
C:\Program Files (x86)\EWSoftware\Sandcastle Help File Builder\PresentationStyles\VS2013\icons\SectionExpanded.png -&gt; D:\Develop\My Open Source\GitHub\DataGridExtensions\Source\doc\Working\Output\Website\icons\SectionExpanded.png
C:\Program Files (x86)\EWSoftware\Sandcastle Help File Builder\PresentationStyles\VS2013\icons\slMobile.gif -&gt; D:\Develop\My Open Source\GitHub\DataGridExtensions\Source\doc\Working\Output\Website\icons\slMobile.gif
C:\Program Files (x86)\EWSoftware\Sandcastle Help File Builder\PresentationStyles\VS2013\icons\static.gif -&gt; D:\Develop\My Open Source\GitHub\DataGridExtensions\Source\doc\Working\Output\Website\icons\static.gif
C:\Program Files (x86)\EWSoftware\Sandcastle Help File Builder\PresentationStyles\VS2013\icons\xna.gif -&gt; D:\Develop\My Open Source\GitHub\DataGridExtensions\Source\doc\Working\Output\Website\icons\xna.gif
C:\Program Files (x86)\EWSoftware\Sandcastle Help File Builder\PresentationStyles\VS2013\scripts\branding.js -&gt; D:\Develop\My Open Source\GitHub\DataGridExtensions\Source\doc\Working\Output\Website\scripts\branding.js
C:\Program Files (x86)\EWSoftware\Sandcastle Help File Builder\PresentationStyles\VS2013\styles\branding-cs-CZ.css -&gt; D:\Develop\My Open Source\GitHub\DataGridExtensions\Source\doc\Working\Output\Website\styles\branding-cs-CZ.css
C:\Program Files (x86)\EWSoftware\Sandcastle Help File Builder\PresentationStyles\VS2013\styles\branding-de-DE.css -&gt; D:\Develop\My Open Source\GitHub\DataGridExtensions\Source\doc\Working\Output\Website\styles\branding-de-DE.css
C:\Program Files (x86)\EWSoftware\Sandcastle Help File Builder\PresentationStyles\VS2013\styles\branding-en-US.css -&gt; D:\Develop\My Open Source\GitHub\DataGridExtensions\Source\doc\Working\Output\Website\styles\branding-en-US.css
C:\Program Files (x86)\EWSoftware\Sandcastle Help File Builder\PresentationStyles\VS2013\styles\branding-es-ES.css -&gt; D:\Develop\My Open Source\GitHub\DataGridExtensions\Source\doc\Working\Output\Website\styles\branding-es-ES.css
C:\Program Files (x86)\EWSoftware\Sandcastle Help File Builder\PresentationStyles\VS2013\styles\branding-fr-FR.css -&gt; D:\Develop\My Open Source\GitHub\DataGridExtensions\Source\doc\Working\Output\Website\styles\branding-fr-FR.css
C:\Program Files (x86)\EWSoftware\Sandcastle Help File Builder\PresentationStyles\VS2013\styles\branding-Help1.css -&gt; D:\Develop\My Open Source\GitHub\DataGridExtensions\Source\doc\Working\Output\Website\styles\branding-Help1.css
C:\Program Files (x86)\EWSoftware\Sandcastle Help File Builder\PresentationStyles\VS2013\styles\branding-HelpViewer.css -&gt; D:\Develop\My Open Source\GitHub\DataGridExtensions\Source\doc\Working\Output\Website\styles\branding-HelpViewer.css
C:\Program Files (x86)\EWSoftware\Sandcastle Help File Builder\PresentationStyles\VS2013\styles\branding-it-IT.css -&gt; D:\Develop\My Open Source\GitHub\DataGridExtensions\Source\doc\Working\Output\Website\styles\branding-it-IT.css
C:\Program Files (x86)\EWSoftware\Sandcastle Help File Builder\PresentationStyles\VS2013\styles\branding-ja-JP.css -&gt; D:\Develop\My Open Source\GitHub\DataGridExtensions\Source\doc\Working\Output\Website\styles\branding-ja-JP.css
C:\Program Files (x86)\EWSoftware\Sandcastle Help File Builder\PresentationStyles\VS2013\styles\branding-ko-KR.css -&gt; D:\Develop\My Open Source\GitHub\DataGridExtensions\Source\doc\Working\Output\Website\styles\branding-ko-KR.css
C:\Program Files (x86)\EWSoftware\Sandcastle Help File Builder\PresentationStyles\VS2013\styles\branding-pl-PL.css -&gt; D:\Develop\My Open Source\GitHub\DataGridExtensions\Source\doc\Working\Output\Website\styles\branding-pl-PL.css
C:\Program Files (x86)\EWSoftware\Sandcastle Help File Builder\PresentationStyles\VS2013\styles\branding-pt-BR.css -&gt; D:\Develop\My Open Source\GitHub\DataGridExtensions\Source\doc\Working\Output\Website\styles\branding-pt-BR.css
C:\Program Files (x86)\EWSoftware\Sandcastle Help File Builder\PresentationStyles\VS2013\styles\branding-ru-RU.css -&gt; D:\Develop\My Open Source\GitHub\DataGridExtensions\Source\doc\Working\Output\Website\styles\branding-ru-RU.css
C:\Program Files (x86)\EWSoftware\Sandcastle Help File Builder\PresentationStyles\VS2013\styles\branding-tr-TR.css -&gt; D:\Develop\My Open Source\GitHub\DataGridExtensions\Source\doc\Working\Output\Website\styles\branding-tr-TR.css
C:\Program Files (x86)\EWSoftware\Sandcastle Help File Builder\PresentationStyles\VS2013\styles\branding-Website.css -&gt; D:\Develop\My Open Source\GitHub\DataGridExtensions\Source\doc\Working\Output\Website\styles\branding-Website.css
C:\Program Files (x86)\EWSoftware\Sandcastle Help File Builder\PresentationStyles\VS2013\styles\branding-zh-CN.css -&gt; D:\Develop\My Open Source\GitHub\DataGridExtensions\Source\doc\Working\Output\Website\styles\branding-zh-CN.css
C:\Program Files (x86)\EWSoftware\Sandcastle Help File Builder\PresentationStyles\VS2013\styles\branding-zh-TW.css -&gt; D:\Develop\My Open Source\GitHub\DataGridExtensions\Source\doc\Working\Output\Website\styles\branding-zh-TW.css
C:\Program Files (x86)\EWSoftware\Sandcastle Help File Builder\PresentationStyles\VS2013\styles\branding.css -&gt; D:\Develop\My Open Source\GitHub\DataGridExtensions\Source\doc\Working\Output\Website\styles\branding.css
C:\Program Files (x86)\EWSoftware\Sandcastle Help File Builder\PresentationStyles\VS2013\Web\index.html -&gt; D:\Develop\My Open Source\GitHub\DataGridExtensions\Source\doc\Working\Output\Website\index.html
C:\Program Files (x86)\EWSoftware\Sandcastle Help File Builder\PresentationStyles\VS2013\Web\search.html -&gt; D:\Develop\My Open Source\GitHub\DataGridExtensions\Source\doc\Working\Output\Website\search.html
C:\Program Files (x86)\EWSoftware\Sandcastle Help File Builder\PresentationStyles\VS2013\Web\SearchHelp.aspx -&gt; D:\Develop\My Open Source\GitHub\DataGridExtensions\Source\doc\Working\Output\Website\SearchHelp.aspx
C:\Program Files (x86)\EWSoftware\Sandcastle Help File Builder\PresentationStyles\VS2013\Web\SearchHelp.inc.php -&gt; D:\Develop\My Open Source\GitHub\DataGridExtensions\Source\doc\Working\Output\Website\SearchHelp.inc.php
C:\Program Files (x86)\EWSoftware\Sandcastle Help File Builder\PresentationStyles\VS2013\Web\SearchHelp.php -&gt; D:\Develop\My Open Source\GitHub\DataGridExtensions\Source\doc\Working\Output\Website\SearchHelp.php
C:\Program Files (x86)\EWSoftware\Sandcastle Help File Builder\PresentationStyles\VS2013\Web\Web.Config -&gt; D:\Develop\My Open Source\GitHub\DataGridExtensions\Source\doc\Working\Output\Website\Web.Config
C:\Program Files (x86)\EWSoftware\Sandcastle Help File Builder\PresentationStyles\VS2013\Web\html\GeneralError.htm -&gt; D:\Develop\My Open Source\GitHub\DataGridExtensions\Source\doc\Working\Output\Website\html\GeneralError.htm
C:\Program Files (x86)\EWSoftware\Sandcastle Help File Builder\PresentationStyles\VS2013\Web\html\PageNotFound.htm -&gt; D:\Develop\My Open Source\GitHub\DataGridExtensions\Source\doc\Working\Output\Website\html\PageNotFound.htm
C:\Program Files (x86)\EWSoftware\Sandcastle Help File Builder\PresentationStyles\VS2013\Web\icons\Search.png -&gt; D:\Develop\My Open Source\GitHub\DataGridExtensions\Source\doc\Working\Output\Website\icons\Search.png
C:\Program Files (x86)\EWSoftware\Sandcastle Help File Builder\PresentationStyles\VS2013\Web\icons\TocClose.gif -&gt; D:\Develop\My Open Source\GitHub\DataGridExtensions\Source\doc\Working\Output\Website\icons\TocClose.gif
C:\Program Files (x86)\EWSoftware\Sandcastle Help File Builder\PresentationStyles\VS2013\Web\icons\TocCollapsed.gif -&gt; D:\Develop\My Open Source\GitHub\DataGridExtensions\Source\doc\Working\Output\Website\icons\TocCollapsed.gif
C:\Program Files (x86)\EWSoftware\Sandcastle Help File Builder\PresentationStyles\VS2013\Web\icons\TocExpanded.gif -&gt; D:\Develop\My Open Source\GitHub\DataGridExtensions\Source\doc\Working\Output\Website\icons\TocExpanded.gif
C:\Program Files (x86)\EWSoftware\Sandcastle Help File Builder\PresentationStyles\VS2013\Web\icons\TocOpen.gif -&gt; D:\Develop\My Open Source\GitHub\DataGridExtensions\Source\doc\Working\Output\Website\icons\TocOpen.gif
C:\Program Files (x86)\EWSoftware\Sandcastle Help File Builder\PresentationStyles\VS2013\Web\scripts\branding-Website.js -&gt; D:\Develop\My Open Source\GitHub\DataGridExtensions\Source\doc\Working\Output\Website\scripts\branding-Website.js
C:\Program Files (x86)\EWSoftware\Sandcastle Help File Builder\PresentationStyles\VS2013\Web\scripts\clipboard.min.js -&gt; D:\Develop\My Open Source\GitHub\DataGridExtensions\Source\doc\Working\Output\Website\scripts\clipboard.min.js
C:\Program Files (x86)\EWSoftware\Sandcastle Help File Builder\PresentationStyles\VS2013\Web\scripts\jquery-3.3.1.min.js -&gt; D:\Develop\My Open Source\GitHub\DataGridExtensions\Source\doc\Working\Output\Website\scripts\jquery-3.3.1.min.js
    Last step completed in 00:00:00,3274
</buildStep>
<buildStep step="GenerateHelpFormatTableOfContents">
Generating website table of contents file...
    Last step completed in 00:00:00,0000
</buildStep>
<buildStep step="GenerateFullTextIndex">
Generating full-text index for the website...

<plugIn name="Lightweight Website Style" behavior="After" priority="1000">
Adding lightweight search and TOC elements to each topic...
</plugIn>    Last step completed in 00:00:00,2422
</buildStep>
<buildStep step="CopyingWebsiteFiles">
Copying website files to output folder...

Copied 368 files for the website content
    Last step completed in 00:00:00,3013
</buildStep>
<buildStep step="CleanIntermediates">
Removing intermediate files...
    Last step completed in 00:00:00,1455
</buildStep>
<buildStep step="Completed">

Build completed successfully at 14.09.2020 19:48:28.  Total time: 00:00:10,5435

</buildStep>
</shfbBuild>
